<?xml version="1.0" encoding="UTF-8"?>
<!-- Generated by org.testng.reporters.JUnitReportReporter -->
<testsuite hostname="DESKTOP-CIHR3KA" failures="0" tests="1" name="E2EFrameWork.HomePageValidation" time="6.471" errors="0" timestamp="2021-11-03T10:22:54 EDT" skipped="0">
  <testcase classname="E2EFrameWork.HomePageValidation" name="validateTitle" time="6.471"/>
  <system-out/>
</testsuite> <!-- E2EFrameWork.HomePageValidation -->
