<?xml version="1.0" encoding="UTF-8"?>
<!-- Generated by org.testng.reporters.JUnitReportReporter -->
<testsuite hostname="DESKTOP-CIHR3KA" failures="0" tests="1" name="E2EFrameWork.HomePageValidateTitle" time="6.071" errors="0" timestamp="2021-11-02T22:24:06 EDT" skipped="0">
  <testcase classname="E2EFrameWork.HomePageValidateTitle" name="validateTitle" time="6.071"/>
  <system-out/>
</testsuite> <!-- E2EFrameWork.HomePageValidateTitle -->
