<?xml version="1.0" encoding="UTF-8"?>
<!-- Generated by org.testng.reporters.JUnitReportReporter -->
<testsuite hostname="DESKTOP-CIHR3KA" failures="0" tests="3" name="E2EFrameWork.HomePage" time="11.680" errors="0" timestamp="2021-11-09T12:10:41 EST" skipped="0">
  <testcase classname="E2EFrameWork.HomePage" name="homePageOpen" time="2.679"/>
  <system-out/>
  <testcase classname="E2EFrameWork.HomePage" name="homePageOpen" time="2.622"/>
  <system-out/>
  <testcase classname="E2EFrameWork.HomePage" name="homePageOpen" time="6.379"/>
  <system-out/>
</testsuite> <!-- E2EFrameWork.HomePage -->
