<?xml version="1.0" encoding="UTF-8"?>
<!-- Generated by org.testng.reporters.JUnitReportReporter -->
<testsuite hostname="DESKTOP-CIHR3KA" failures="0" tests="1" name="E2EFrameWork.HomePageValidateNavigationPage" time="0.048" errors="0" timestamp="2021-11-09T12:10:41 EST" skipped="0">
  <testcase classname="E2EFrameWork.HomePageValidateNavigationPage" name="validateNavigationPage" time="0.048"/>
  <system-out/>
</testsuite> <!-- E2EFrameWork.HomePageValidateNavigationPage -->
